<?xml version="1.0" encoding="UTF-8"?>
<!-- Generated by org.testng.reporters.JUnitReportReporter -->
<testsuite skipped="0" hostname="AQMIT-DSK-10257" name="API_PRACTICE_FRAMEWORK.API_FRAMEWORK.ApiMethods" tests="5" failures="0" timestamp="2022-01-06T13:55:35 IST" time="6.165" errors="0">
  <testcase name="testGet" time="1.198" classname="API_PRACTICE_FRAMEWORK.API_FRAMEWORK.ApiMethods"/>
  <system-out/>
  <testcase name="testDelete" time="0.698" classname="API_PRACTICE_FRAMEWORK.API_FRAMEWORK.ApiMethods"/>
  <system-out/>
  <testcase name="testPatch" time="0.752" classname="API_PRACTICE_FRAMEWORK.API_FRAMEWORK.ApiMethods"/>
  <system-out/>
  <testcase name="TestPost" time="2.859" classname="API_PRACTICE_FRAMEWORK.API_FRAMEWORK.ApiMethods"/>
  <system-out/>
  <testcase name="testPut" time="0.658" classname="API_PRACTICE_FRAMEWORK.API_FRAMEWORK.ApiMethods"/>
  <system-out/>
</testsuite> <!-- API_PRACTICE_FRAMEWORK.API_FRAMEWORK.ApiMethods -->
